<?xml version="1.0" encoding="UTF-8"?>
<!-- Generated by org.testng.reporters.JUnitXMLReporter -->
<testsuite hostname="NODTBSL188AG" name="Login" tests="5" failures="3" timestamp="4 Aug 2015 11:46:50 GMT" time="108.757" errors="0">
  <testcase name="signInlayer" time="30.445" classname="candidateSideAutomation.Login">
    <failure type="java.lang.AssertionError" message="expected [http://www.timesjobs.com/candidate/myhome.html] but found [http://timesjobs.com/candidate/myhome.html]">
      <![CDATA[java.lang.AssertionError: expected [http://www.timesjobs.com/candidate/myhome.html] but found [http://timesjobs.com/candidate/myhome.html]
	at candidateSideAutomation.Login.signInlayer(Login.java:56)
... Removed 29 stack frames]]>
    </failure>
  </testcase> <!-- signInlayer -->
  <testcase name="loginPage" time="19.716" classname="candidateSideAutomation.Login">
    <failure type="java.lang.AssertionError" message="expected [http://www.timesjobs.com/candidate/myhome.html?from=myTimes] but found [http://timesjobs.com/candidate/myhome.html?from=myTimes]">
      <![CDATA[java.lang.AssertionError: expected [http://www.timesjobs.com/candidate/myhome.html?from=myTimes] but found [http://timesjobs.com/candidate/myhome.html?from=myTimes]
	at candidateSideAutomation.Login.loginPage(Login.java:82)
... Removed 29 stack frames]]>
    </failure>
  </testcase> <!-- loginPage -->
  <testcase name="loginStepOneUser" time="7.548" classname="candidateSideAutomation.Login">
    <failure type="java.lang.AssertionError" message="expected [http://www.timesjobs.com/candidate/uploadyourresume.html] but found [http://timesjobs.com/candidate/uploadyourresume.html]">
      <![CDATA[java.lang.AssertionError: expected [http://www.timesjobs.com/candidate/uploadyourresume.html] but found [http://timesjobs.com/candidate/uploadyourresume.html]
	at candidateSideAutomation.Login.loginStepOneUser(Login.java:110)
... Removed 29 stack frames]]>
    </failure>
  </testcase> <!-- loginStepOneUser -->
  <testcase name="loginStepOneptFiveUser" time="8.822" classname="candidateSideAutomation.Login"/>
  <testcase name="loginStepSevenUser" time="9.554" classname="candidateSideAutomation.Login"/>
</testsuite> <!-- Login -->
