<?xml version="1.0" encoding="UTF-8"?>
<!-- Generated by org.testng.reporters.JUnitXMLReporter -->
<testsuite hostname="NODTBSL188AG" name="LoginFlow" tests="5" failures="3" timestamp="7 Aug 2015 05:10:39 GMT" time="517.58" errors="0">
  <testcase name="signInlayer" time="31.381" classname="candidateSideAutomation.Login">
    <failure type="java.lang.AssertionError" message="expected [http://www.timesjobs.com/candidate/myhome.html] but found [http://timesjobs.com/candidate/myhome.html]">
      <![CDATA[java.lang.AssertionError: expected [http://www.timesjobs.com/candidate/myhome.html] but found [http://timesjobs.com/candidate/myhome.html]
	at candidateSideAutomation.Login.signInlayer(Unknown Source)
... Removed 29 stack frames]]>
    </failure>
  </testcase> <!-- signInlayer -->
  <testcase name="loginPage" time="417.206" classname="candidateSideAutomation.Login">
    <failure type="java.lang.AssertionError" message="expected [http://www.timesjobs.com/candidate/myhome.html?from=myTimes] but found [http://timesjobs.com/candidate/myhome.html?from=myTimes]">
      <![CDATA[java.lang.AssertionError: expected [http://www.timesjobs.com/candidate/myhome.html?from=myTimes] but found [http://timesjobs.com/candidate/myhome.html?from=myTimes]
	at candidateSideAutomation.Login.loginPage(Unknown Source)
... Removed 29 stack frames]]>
    </failure>
  </testcase> <!-- loginPage -->
  <testcase name="loginStepOneUser" time="7.624" classname="candidateSideAutomation.Login">
    <failure type="java.lang.AssertionError" message="expected [http://www.timesjobs.com/candidate/uploadyourresume.html] but found [http://timesjobs.com/candidate/uploadyourresume.html]">
      <![CDATA[java.lang.AssertionError: expected [http://www.timesjobs.com/candidate/uploadyourresume.html] but found [http://timesjobs.com/candidate/uploadyourresume.html]
	at candidateSideAutomation.Login.loginStepOneUser(Unknown Source)
... Removed 29 stack frames]]>
    </failure>
  </testcase> <!-- loginStepOneUser -->
  <testcase name="loginStepOneptFiveUser" time="7.93" classname="candidateSideAutomation.Login"/>
  <testcase name="loginStepSevenUser" time="8.913" classname="candidateSideAutomation.Login"/>
</testsuite> <!-- LoginFlow -->
