<?xml version="1.0" encoding="UTF-8"?>
<!-- Generated by org.testng.reporters.JUnitXMLReporter -->
<testsuite hostname="times-09bb94003" name="Registration" tests="3" failures="1" timestamp="26 May 2014 06:35:51 GMT" time="123.313" errors="0">
  <testcase name="linkedinRegistration" time="52.75" classname="candidateSideAutomation.candidateRegistration">
    <failure type="org.openqa.selenium.NoSuchFrameException" message="Unable to locate frame: GB_frame1
Command duration or timeout: 30.38 seconds
Build info: version: &amp;apos;2.41.0&amp;apos;, revision: &amp;apos;3192d8a&amp;apos;, time: &amp;apos;2014-03-27 17:17:32&amp;apos;
System info: host: &amp;apos;times-09bb94003&amp;apos;, ip: &amp;apos;10.150.224.125&amp;apos;, os.name: &amp;apos;Windows XP&amp;apos;, os.arch: &amp;apos;x86&amp;apos;, os.version: &amp;apos;5.1&amp;apos;, java.version: &amp;apos;1.6.0_45&amp;apos;
Session ID: 052f3132-f1e0-48f2-a9da-4686711ee887
Driver info: org.openqa.selenium.firefox.FirefoxDriver
Capabilities [{platform=XP, acceptSslCerts=true, javascriptEnabled=true, browserName=firefox, rotatable=false, locationContextEnabled=true, version=29.0, cssSelectorsEnabled=true, databaseEnabled=true, handlesAlerts=true, browserConnectionEnabled=true, nativeEvents=false, webStorageEnabled=true, applicationCacheEnabled=true, takesScreenshot=true}]">
      <![CDATA[org.openqa.selenium.NoSuchFrameException: Unable to locate frame: GB_frame1
Command duration or timeout: 30.38 seconds
Build info: version: '2.41.0', revision: '3192d8a', time: '2014-03-27 17:17:32'
System info: host: 'times-09bb94003', ip: '10.150.224.125', os.name: 'Windows XP', os.arch: 'x86', os.version: '5.1', java.version: '1.6.0_45'
Session ID: 052f3132-f1e0-48f2-a9da-4686711ee887
Driver info: org.openqa.selenium.firefox.FirefoxDriver
Capabilities [{platform=XP, acceptSslCerts=true, javascriptEnabled=true, browserName=firefox, rotatable=false, locationContextEnabled=true, version=29.0, cssSelectorsEnabled=true, databaseEnabled=true, handlesAlerts=true, browserConnectionEnabled=true, nativeEvents=false, webStorageEnabled=true, applicationCacheEnabled=true, takesScreenshot=true}]
	at org.openqa.selenium.remote.ErrorHandler.createThrowable(ErrorHandler.java:193)
	at org.openqa.selenium.remote.ErrorHandler.throwIfResponseFailed(ErrorHandler.java:145)
	at org.openqa.selenium.remote.RemoteWebDriver.execute(RemoteWebDriver.java:595)
	at org.openqa.selenium.remote.RemoteWebDriver$RemoteTargetLocator.frame(RemoteWebDriver.java:862)
	at candidateSideAutomation.candidateRegistration.linkedinRegistration(Unknown Source)
Caused by: org.openqa.selenium.remote.ErrorHandler$UnknownServerException: Unable to locate frame: GB_frame1
Build info: version: '2.41.0', revision: '3192d8a', time: '2014-03-27 17:17:32'
System info: host: 'times-09bb94003', ip: '10.150.224.125', os.name: 'Windows XP', os.arch: 'x86', os.version: '5.1', java.version: '1.6.0_45'
Driver info: driver.version: unknown
	at <anonymous class>.FirefoxDriver.prototype.switchToFrame(file:///E:/DOCUME~1/Charu/LOCALS~1/Temp/anonymous1250199697637318453webdriver-profile/extensions/fxdriver@googlecode.com/components/driver_component.js:8974)
	at <anonymous class>.DelayedCommand.prototype.executeInternal_/h(file:///E:/DOCUME~1/Charu/LOCALS~1/Temp/anonymous1250199697637318453webdriver-profile/extensions/fxdriver@googlecode.com/components/command_processor.js:10884)
	at <anonymous class>.fxdriver.Timer.prototype.setTimeout/<.notify(file:///E:/DOCUME~1/Charu/LOCALS~1/Temp/anonymous1250199697637318453webdriver-profile/extensions/fxdriver@googlecode.com/components/command_processor.js:396)
... Removed 28 stack frames]]>
    </failure>
  </testcase> <!-- linkedinRegistration -->
  <testcase name="registraionCompleteStage" time="35.36" classname="candidateSideAutomation.candidateRegistration"/>
  <testcase name="registraionFirstStage" time="17.563" classname="candidateSideAutomation.candidateRegistration"/>
</testsuite> <!-- Registration -->
