<!DOCTYPE html PUBLIC "-//W3C//DTD XHTML 1.1//EN" "http://www.w3.org/TR/xhtml11/DTD/xhtml11.dtd">
<html xmlns="http://www.w3.org/1999/xhtml"><head><title>TestNG Report</title><style type="text/css">table {margin-bottom:10px;border-collapse:collapse;empty-cells:show}th,td {border:1px solid #009;padding:.25em .5em}th {vertical-align:bottom}td {vertical-align:top}table a {font-weight:bold}.stripe td {background-color: #E6EBF9}.num {text-align:right}.passedodd td {background-color: #3F3}.passedeven td {background-color: #0A0}.skippedodd td {background-color: #DDD}.skippedeven td {background-color: #CCC}.failedodd td,.attn {background-color: #F33}.failedeven td,.stripe .attn {background-color: #D00}.stacktrace {white-space:pre;font-family:monospace}.totop {font-size:85%;text-align:center;border-bottom:2px solid #000}</style></head><body><table><tr><th>Test</th><th># Passed</th><th># Skipped</th><th># Failed</th><th>Time (ms)</th><th>Included Groups</th><th>Excluded Groups</th></tr><tr><th colspan="7">JOB BUZZ TEST CASES</th></tr><tr><td><a href="#t0">JOBBUZZ</a></td><td class="num">1</td><td class="num">0</td><td class="num">0</td><td class="num">173,156</td><td></td><td></td></tr><tr><th colspan="7">TimesJobs Suite</th></tr><tr><th colspan="7">STEP AHEAD TEST CASES</th></tr><tr class="stripe"><td><a href="#t1">StepAhead</a></td><td class="num">1</td><td class="num">0</td><td class="num">0</td><td class="num">33,375</td><td></td><td></td></tr><tr><th colspan="7">CANDIDATE SIDE TEST CASES</th></tr><tr><td><a href="#t2">Registration</a></td><td class="num">2</td><td class="num">0</td><td class="num attn">1</td><td class="num">123,313</td><td></td><td></td></tr><tr class="stripe"><td><a href="#t3">linktest</a></td><td class="num">4</td><td class="num">0</td><td class="num attn">3</td><td class="num">73,438</td><td></td><td></td></tr><tr><th>Total</th><th class="num">8</th><th class="num">0</th><th class="num attn">4</th><th class="num">403,282</th><th colspan="2"></th></tr></table><table><thead><tr><th>Class</th><th>Method</th><th>Start</th><th>Time (ms)</th></tr></thead><tbody><tr><th colspan="4">JOB BUZZ TEST CASES</th></tr></tbody><tbody id="t0"><tr><th colspan="4">JOBBUZZ &#8212; passed</th></tr><tr class="passedeven"><td rowspan="1">jobbuzzSideAutomation.jobuzzside</td><td><a href="#m0">postInterview</a></td><td rowspan="1">1401086229937</td><td rowspan="1">167438</td></tr></tbody><tbody><tr><th colspan="4">TimesJobs Suite</th></tr></tbody><tbody><tr><th colspan="4">STEP AHEAD TEST CASES</th></tr></tbody><tbody id="t1"><tr><th colspan="4">StepAhead &#8212; passed</th></tr><tr class="passedeven"><td rowspan="1">stepAheadSideAutomation.stepAheadside</td><td><a href="#m1">stepAhead</a></td><td rowspan="1">1401086403515</td><td rowspan="1">27235</td></tr></tbody><tbody><tr><th colspan="4">CANDIDATE SIDE TEST CASES</th></tr></tbody><tbody id="t2"><tr><th colspan="4">Registration &#8212; failed</th></tr><tr class="failedeven"><td rowspan="1">candidateSideAutomation.candidateRegistration</td><td><a href="#m2">linkedinRegistration</a></td><td rowspan="1">1401086033265</td><td rowspan="1">52750</td></tr><tr><th colspan="4">Registration &#8212; passed</th></tr><tr class="passedeven"><td rowspan="2">candidateSideAutomation.candidateRegistration</td><td><a href="#m3">registraionCompleteStage</a></td><td rowspan="1">1401086091765</td><td rowspan="1">35360</td></tr><tr class="passedeven"><td><a href="#m4">registraionFirstStage</a></td><td rowspan="1">1401086133140</td><td rowspan="1">17563</td></tr></tbody><tbody id="t3"><tr><th colspan="4">linktest &#8212; failed</th></tr><tr class="failedeven"><td rowspan="3">candidateSideAutomation.linkTraversal</td><td><a href="#m5">ediKeySkills</a></td><td rowspan="1">1401086214031</td><td rowspan="1">10062</td></tr><tr class="failedeven"><td><a href="#m6">editDetails</a></td><td rowspan="1">1401086203906</td><td rowspan="1">10125</td></tr><tr class="failedeven"><td><a href="#m7">pageVal</a></td><td rowspan="1">1401086165828</td><td rowspan="1">25031</td></tr><tr><th colspan="4">linktest &#8212; passed</th></tr><tr class="passedeven"><td rowspan="4">candidateSideAutomation.linkTraversal</td><td><a href="#m8">editProfile</a></td><td rowspan="1">1401086194796</td><td rowspan="1">2313</td></tr><tr class="passedeven"><td><a href="#m9">login</a></td><td rowspan="1">1401086156234</td><td rowspan="1">9594</td></tr><tr class="passedeven"><td><a href="#m10">privateSettings</a></td><td rowspan="1">1401086190859</td><td rowspan="1">3937</td></tr><tr class="passedeven"><td><a href="#m11">signOut</a></td><td rowspan="1">1401086197109</td><td rowspan="1">6797</td></tr></tbody></table><h2>JOBBUZZ</h2><h3 id="m0">jobbuzzSideAutomation.jobuzzside#postInterview</h3><table class="result"></table><p class="totop"><a href="#summary">back to summary</a></p><h2>StepAhead</h2><h3 id="m1">stepAheadSideAutomation.stepAheadside#stepAhead</h3><table class="result"></table><p class="totop"><a href="#summary">back to summary</a></p><h2>Registration</h2><h3 id="m2">candidateSideAutomation.candidateRegistration#linkedinRegistration</h3><table class="result"><tr><th>Exception</th></tr><tr><td><div class="stacktrace">org.openqa.selenium.NoSuchFrameException: Unable to locate frame: GB_frame1
Command duration or timeout: 30.38 seconds
Build info: version: &apos;2.41.0&apos;, revision: &apos;3192d8a&apos;, time: &apos;2014-03-27 17:17:32&apos;
System info: host: &apos;times-09bb94003&apos;, ip: &apos;10.150.224.125&apos;, os.name: &apos;Windows XP&apos;, os.arch: &apos;x86&apos;, os.version: &apos;5.1&apos;, java.version: &apos;1.6.0_45&apos;
Session ID: 052f3132-f1e0-48f2-a9da-4686711ee887
Driver info: org.openqa.selenium.firefox.FirefoxDriver
Capabilities [{platform=XP, acceptSslCerts=true, javascriptEnabled=true, browserName=firefox, rotatable=false, locationContextEnabled=true, version=29.0, cssSelectorsEnabled=true, databaseEnabled=true, handlesAlerts=true, browserConnectionEnabled=true, nativeEvents=false, webStorageEnabled=true, applicationCacheEnabled=true, takesScreenshot=true}]
	at org.openqa.selenium.remote.ErrorHandler.createThrowable(ErrorHandler.java:193)
	at org.openqa.selenium.remote.ErrorHandler.throwIfResponseFailed(ErrorHandler.java:145)
	at org.openqa.selenium.remote.RemoteWebDriver.execute(RemoteWebDriver.java:595)
	at org.openqa.selenium.remote.RemoteWebDriver$RemoteTargetLocator.frame(RemoteWebDriver.java:862)
	at candidateSideAutomation.candidateRegistration.linkedinRegistration(Unknown Source)
Caused by: org.openqa.selenium.remote.ErrorHandler$UnknownServerException: Unable to locate frame: GB_frame1
Build info: version: &apos;2.41.0&apos;, revision: &apos;3192d8a&apos;, time: &apos;2014-03-27 17:17:32&apos;
System info: host: &apos;times-09bb94003&apos;, ip: &apos;10.150.224.125&apos;, os.name: &apos;Windows XP&apos;, os.arch: &apos;x86&apos;, os.version: &apos;5.1&apos;, java.version: &apos;1.6.0_45&apos;
Driver info: driver.version: unknown
	at &lt;anonymous class&gt;.FirefoxDriver.prototype.switchToFrame(file:///E:/DOCUME~1/Charu/LOCALS~1/Temp/anonymous1250199697637318453webdriver-profile/extensions/fxdriver@googlecode.com/components/driver_component.js:8974)
	at &lt;anonymous class&gt;.DelayedCommand.prototype.executeInternal_/h(file:///E:/DOCUME~1/Charu/LOCALS~1/Temp/anonymous1250199697637318453webdriver-profile/extensions/fxdriver@googlecode.com/components/command_processor.js:10884)
	at &lt;anonymous class&gt;.fxdriver.Timer.prototype.setTimeout/&lt;.notify(file:///E:/DOCUME~1/Charu/LOCALS~1/Temp/anonymous1250199697637318453webdriver-profile/extensions/fxdriver@googlecode.com/components/command_processor.js:396)
... Removed 28 stack frames</div></td></tr></table><p class="totop"><a href="#summary">back to summary</a></p><h3 id="m3">candidateSideAutomation.candidateRegistration#registraionCompleteStage</h3><table class="result"></table><p class="totop"><a href="#summary">back to summary</a></p><h3 id="m4">candidateSideAutomation.candidateRegistration#registraionFirstStage</h3><table class="result"></table><p class="totop"><a href="#summary">back to summary</a></p><h2>linktest</h2><h3 id="m5">candidateSideAutomation.linkTraversal#ediKeySkills</h3><table class="result"><tr><th>Exception</th></tr><tr><td><div class="stacktrace">org.openqa.selenium.NoSuchElementException: Unable to locate element: {&quot;method&quot;:&quot;xpath&quot;,&quot;selector&quot;:&quot;//div[@id=&apos;userProfilPicsId&apos;]/a&quot;}
Command duration or timeout: 10.06 seconds
For documentation on this error, please visit: http://seleniumhq.org/exceptions/no_such_element.html
Build info: version: &apos;2.41.0&apos;, revision: &apos;3192d8a&apos;, time: &apos;2014-03-27 17:17:32&apos;
System info: host: &apos;times-09bb94003&apos;, ip: &apos;10.150.224.125&apos;, os.name: &apos;Windows XP&apos;, os.arch: &apos;x86&apos;, os.version: &apos;5.1&apos;, java.version: &apos;1.6.0_45&apos;
Session ID: b4d14582-65e9-49e8-9e6c-79e305cf5d4f
Driver info: org.openqa.selenium.firefox.FirefoxDriver
Capabilities [{platform=XP, acceptSslCerts=true, javascriptEnabled=true, browserName=firefox, rotatable=false, locationContextEnabled=true, version=29.0, cssSelectorsEnabled=true, databaseEnabled=true, handlesAlerts=true, browserConnectionEnabled=true, nativeEvents=false, webStorageEnabled=true, applicationCacheEnabled=true, takesScreenshot=true}]
	at org.openqa.selenium.remote.ErrorHandler.createThrowable(ErrorHandler.java:193)
	at org.openqa.selenium.remote.ErrorHandler.throwIfResponseFailed(ErrorHandler.java:145)
	at org.openqa.selenium.remote.RemoteWebDriver.execute(RemoteWebDriver.java:595)
	at org.openqa.selenium.remote.RemoteWebDriver.findElement(RemoteWebDriver.java:348)
	at org.openqa.selenium.remote.RemoteWebDriver.findElementByXPath(RemoteWebDriver.java:445)
	at org.openqa.selenium.By$ByXPath.findElement(By.java:357)
	at org.openqa.selenium.remote.RemoteWebDriver.findElement(RemoteWebDriver.java:340)
	at candidateSideAutomation.linkTraversal.ediKeySkills(Unknown Source)
Caused by: org.openqa.selenium.remote.ErrorHandler$UnknownServerException: Unable to locate element: {&quot;method&quot;:&quot;xpath&quot;,&quot;selector&quot;:&quot;//div[@id=&apos;userProfilPicsId&apos;]/a&quot;}
Build info: version: &apos;2.41.0&apos;, revision: &apos;3192d8a&apos;, time: &apos;2014-03-27 17:17:32&apos;
System info: host: &apos;times-09bb94003&apos;, ip: &apos;10.150.224.125&apos;, os.name: &apos;Windows XP&apos;, os.arch: &apos;x86&apos;, os.version: &apos;5.1&apos;, java.version: &apos;1.6.0_45&apos;
Driver info: driver.version: unknown
	at &lt;anonymous class&gt;.FirefoxDriver.prototype.findElementInternal_(file:///E:/DOCUME~1/Charu/LOCALS~1/Temp/anonymous5955219541778582977webdriver-profile/extensions/fxdriver@googlecode.com/components/driver_component.js:8905)
	at &lt;anonymous class&gt;.fxdriver.Timer.prototype.setTimeout/&lt;.notify(file:///E:/DOCUME~1/Charu/LOCALS~1/Temp/anonymous5955219541778582977webdriver-profile/extensions/fxdriver@googlecode.com/components/driver_component.js:396)
... Removed 28 stack frames</div></td></tr></table><p class="totop"><a href="#summary">back to summary</a></p><h3 id="m6">candidateSideAutomation.linkTraversal#editDetails</h3><table class="result"><tr><th>Exception</th></tr><tr><td><div class="stacktrace">org.openqa.selenium.NoSuchElementException: Unable to locate element: {&quot;method&quot;:&quot;xpath&quot;,&quot;selector&quot;:&quot;//div[@id=&apos;userProfilPicsId&apos;]/a&quot;}
Command duration or timeout: 10.08 seconds
For documentation on this error, please visit: http://seleniumhq.org/exceptions/no_such_element.html
Build info: version: &apos;2.41.0&apos;, revision: &apos;3192d8a&apos;, time: &apos;2014-03-27 17:17:32&apos;
System info: host: &apos;times-09bb94003&apos;, ip: &apos;10.150.224.125&apos;, os.name: &apos;Windows XP&apos;, os.arch: &apos;x86&apos;, os.version: &apos;5.1&apos;, java.version: &apos;1.6.0_45&apos;
Session ID: b4d14582-65e9-49e8-9e6c-79e305cf5d4f
Driver info: org.openqa.selenium.firefox.FirefoxDriver
Capabilities [{platform=XP, acceptSslCerts=true, javascriptEnabled=true, browserName=firefox, rotatable=false, locationContextEnabled=true, version=29.0, cssSelectorsEnabled=true, databaseEnabled=true, handlesAlerts=true, browserConnectionEnabled=true, nativeEvents=false, webStorageEnabled=true, applicationCacheEnabled=true, takesScreenshot=true}]
	at org.openqa.selenium.remote.ErrorHandler.createThrowable(ErrorHandler.java:193)
	at org.openqa.selenium.remote.ErrorHandler.throwIfResponseFailed(ErrorHandler.java:145)
	at org.openqa.selenium.remote.RemoteWebDriver.execute(RemoteWebDriver.java:595)
	at org.openqa.selenium.remote.RemoteWebDriver.findElement(RemoteWebDriver.java:348)
	at org.openqa.selenium.remote.RemoteWebDriver.findElementByXPath(RemoteWebDriver.java:445)
	at org.openqa.selenium.By$ByXPath.findElement(By.java:357)
	at org.openqa.selenium.remote.RemoteWebDriver.findElement(RemoteWebDriver.java:340)
	at candidateSideAutomation.linkTraversal.editDetails(Unknown Source)
Caused by: org.openqa.selenium.remote.ErrorHandler$UnknownServerException: Unable to locate element: {&quot;method&quot;:&quot;xpath&quot;,&quot;selector&quot;:&quot;//div[@id=&apos;userProfilPicsId&apos;]/a&quot;}
Build info: version: &apos;2.41.0&apos;, revision: &apos;3192d8a&apos;, time: &apos;2014-03-27 17:17:32&apos;
System info: host: &apos;times-09bb94003&apos;, ip: &apos;10.150.224.125&apos;, os.name: &apos;Windows XP&apos;, os.arch: &apos;x86&apos;, os.version: &apos;5.1&apos;, java.version: &apos;1.6.0_45&apos;
Driver info: driver.version: unknown
	at &lt;anonymous class&gt;.FirefoxDriver.prototype.findElementInternal_(file:///E:/DOCUME~1/Charu/LOCALS~1/Temp/anonymous5955219541778582977webdriver-profile/extensions/fxdriver@googlecode.com/components/driver_component.js:8905)
	at &lt;anonymous class&gt;.fxdriver.Timer.prototype.setTimeout/&lt;.notify(file:///E:/DOCUME~1/Charu/LOCALS~1/Temp/anonymous5955219541778582977webdriver-profile/extensions/fxdriver@googlecode.com/components/driver_component.js:396)
... Removed 28 stack frames</div></td></tr></table><p class="totop"><a href="#summary">back to summary</a></p><h3 id="m7">candidateSideAutomation.linkTraversal#pageVal</h3><table class="result"><tr><th>Exception</th></tr><tr><td><div class="stacktrace">org.openqa.selenium.NoSuchElementException: Unable to locate element: {&quot;method&quot;:&quot;xpath&quot;,&quot;selector&quot;:&quot;//div[@class=&apos;rec-jobs&apos;]/header/div/h1&quot;}
Command duration or timeout: 25.03 seconds
For documentation on this error, please visit: http://seleniumhq.org/exceptions/no_such_element.html
Build info: version: &apos;2.41.0&apos;, revision: &apos;3192d8a&apos;, time: &apos;2014-03-27 17:17:32&apos;
System info: host: &apos;times-09bb94003&apos;, ip: &apos;10.150.224.125&apos;, os.name: &apos;Windows XP&apos;, os.arch: &apos;x86&apos;, os.version: &apos;5.1&apos;, java.version: &apos;1.6.0_45&apos;
Session ID: b4d14582-65e9-49e8-9e6c-79e305cf5d4f
Driver info: org.openqa.selenium.firefox.FirefoxDriver
Capabilities [{platform=XP, acceptSslCerts=true, javascriptEnabled=true, browserName=firefox, rotatable=false, locationContextEnabled=true, version=29.0, cssSelectorsEnabled=true, databaseEnabled=true, handlesAlerts=true, browserConnectionEnabled=true, nativeEvents=false, webStorageEnabled=true, applicationCacheEnabled=true, takesScreenshot=true}]
	at org.openqa.selenium.remote.ErrorHandler.createThrowable(ErrorHandler.java:193)
	at org.openqa.selenium.remote.ErrorHandler.throwIfResponseFailed(ErrorHandler.java:145)
	at org.openqa.selenium.remote.RemoteWebDriver.execute(RemoteWebDriver.java:595)
	at org.openqa.selenium.remote.RemoteWebDriver.findElement(RemoteWebDriver.java:348)
	at org.openqa.selenium.remote.RemoteWebDriver.findElementByXPath(RemoteWebDriver.java:445)
	at org.openqa.selenium.By$ByXPath.findElement(By.java:357)
	at org.openqa.selenium.remote.RemoteWebDriver.findElement(RemoteWebDriver.java:340)
	at candidateSideAutomation.linkTraversal.pageVal(Unknown Source)
Caused by: org.openqa.selenium.remote.ErrorHandler$UnknownServerException: Unable to locate element: {&quot;method&quot;:&quot;xpath&quot;,&quot;selector&quot;:&quot;//div[@class=&apos;rec-jobs&apos;]/header/div/h1&quot;}
Build info: version: &apos;2.41.0&apos;, revision: &apos;3192d8a&apos;, time: &apos;2014-03-27 17:17:32&apos;
System info: host: &apos;times-09bb94003&apos;, ip: &apos;10.150.224.125&apos;, os.name: &apos;Windows XP&apos;, os.arch: &apos;x86&apos;, os.version: &apos;5.1&apos;, java.version: &apos;1.6.0_45&apos;
Driver info: driver.version: unknown
	at &lt;anonymous class&gt;.FirefoxDriver.prototype.findElementInternal_(file:///E:/DOCUME~1/Charu/LOCALS~1/Temp/anonymous5955219541778582977webdriver-profile/extensions/fxdriver@googlecode.com/components/driver_component.js:8905)
	at &lt;anonymous class&gt;.fxdriver.Timer.prototype.setTimeout/&lt;.notify(file:///E:/DOCUME~1/Charu/LOCALS~1/Temp/anonymous5955219541778582977webdriver-profile/extensions/fxdriver@googlecode.com/components/driver_component.js:396)
... Removed 28 stack frames</div></td></tr></table><p class="totop"><a href="#summary">back to summary</a></p><h3 id="m8">candidateSideAutomation.linkTraversal#editProfile</h3><table class="result"></table><p class="totop"><a href="#summary">back to summary</a></p><h3 id="m9">candidateSideAutomation.linkTraversal#login</h3><table class="result"></table><p class="totop"><a href="#summary">back to summary</a></p><h3 id="m10">candidateSideAutomation.linkTraversal#privateSettings</h3><table class="result"></table><p class="totop"><a href="#summary">back to summary</a></p><h3 id="m11">candidateSideAutomation.linkTraversal#signOut</h3><table class="result"></table><p class="totop"><a href="#summary">back to summary</a></p></body></html>