<?xml version="1.0" encoding="UTF-8"?>
<testng-results skipped="0" failed="4" total="12" passed="8">
  <reporter-output>
  </reporter-output>
  <suite name="JOB BUZZ TEST CASES" duration-ms="173156" started-at="2014-05-26T06:37:04Z" finished-at="2014-05-26T06:39:57Z">
    <groups>
    </groups>
    <test name="JOBBUZZ" duration-ms="173156" started-at="2014-05-26T06:37:04Z" finished-at="2014-05-26T06:39:57Z">
      <class name="jobbuzzSideAutomation.jobuzzside">
        <test-method status="PASS" signature="setup()[pri:0, instance:jobbuzzSideAutomation.jobuzzside@1ac2f9c]" name="setup" is-config="true" duration-ms="5453" started-at="2014-05-26T12:07:04Z" finished-at="2014-05-26T12:07:09Z">
          <reporter-output>
          </reporter-output>
        </test-method> <!-- setup -->
        <test-method status="PASS" signature="postInterview()[pri:0, instance:jobbuzzSideAutomation.jobuzzside@1ac2f9c]" name="postInterview" duration-ms="167438" started-at="2014-05-26T12:07:09Z" finished-at="2014-05-26T12:09:57Z">
          <reporter-output>
          </reporter-output>
        </test-method> <!-- postInterview -->
        <test-method status="PASS" signature="teardon()[pri:0, instance:jobbuzzSideAutomation.jobuzzside@1ac2f9c]" name="teardon" is-config="true" duration-ms="265" started-at="2014-05-26T12:09:57Z" finished-at="2014-05-26T12:09:57Z">
          <reporter-output>
          </reporter-output>
        </test-method> <!-- teardon -->
      </class> <!-- jobbuzzSideAutomation.jobuzzside -->
    </test> <!-- JOBBUZZ -->
  </suite> <!-- JOB BUZZ TEST CASES -->
  <suite name="TimesJobs Suite" duration-ms="0" started-at="2014-05-26T06:40:31Z" finished-at="2014-05-26T06:40:31Z">
    <groups>
    </groups>
  </suite> <!-- TimesJobs Suite -->
  <suite name="STEP AHEAD TEST CASES" duration-ms="33375" started-at="2014-05-26T06:39:57Z" finished-at="2014-05-26T06:40:31Z">
    <groups>
    </groups>
    <test name="StepAhead" duration-ms="33375" started-at="2014-05-26T06:39:57Z" finished-at="2014-05-26T06:40:31Z">
      <class name="stepAheadSideAutomation.stepAheadside">
        <test-method status="PASS" signature="setup()[pri:0, instance:stepAheadSideAutomation.stepAheadside@edc3a2]" name="setup" is-config="true" duration-ms="5875" started-at="2014-05-26T12:09:57Z" finished-at="2014-05-26T12:10:03Z">
          <reporter-output>
          </reporter-output>
        </test-method> <!-- setup -->
        <test-method status="PASS" signature="stepAhead()[pri:0, instance:stepAheadSideAutomation.stepAheadside@edc3a2]" name="stepAhead" duration-ms="27235" started-at="2014-05-26T12:10:03Z" finished-at="2014-05-26T12:10:30Z">
          <reporter-output>
          </reporter-output>
        </test-method> <!-- stepAhead -->
        <test-method status="PASS" signature="teardon()[pri:0, instance:stepAheadSideAutomation.stepAheadside@edc3a2]" name="teardon" is-config="true" duration-ms="265" started-at="2014-05-26T12:10:30Z" finished-at="2014-05-26T12:10:31Z">
          <reporter-output>
          </reporter-output>
        </test-method> <!-- teardon -->
      </class> <!-- stepAheadSideAutomation.stepAheadside -->
    </test> <!-- StepAhead -->
  </suite> <!-- STEP AHEAD TEST CASES -->
  <suite name="CANDIDATE SIDE TEST CASES" duration-ms="196782" started-at="2014-05-26T06:33:47Z" finished-at="2014-05-26T06:37:04Z">
    <groups>
    </groups>
    <test name="Registration" duration-ms="123313" started-at="2014-05-26T06:33:47Z" finished-at="2014-05-26T06:35:50Z">
      <class name="candidateSideAutomation.candidateRegistration">
        <test-method status="PASS" signature="setup()[pri:0, instance:candidateSideAutomation.candidateRegistration@120a47e]" name="setup" is-config="true" duration-ms="5578" started-at="2014-05-26T12:03:47Z" finished-at="2014-05-26T12:03:53Z">
          <reporter-output>
          </reporter-output>
        </test-method> <!-- setup -->
        <test-method status="FAIL" signature="linkedinRegistration()[pri:0, instance:candidateSideAutomation.candidateRegistration@120a47e]" name="linkedinRegistration" duration-ms="52750" started-at="2014-05-26T12:03:53Z" finished-at="2014-05-26T12:04:46Z">
          <exception class="org.openqa.selenium.NoSuchFrameException">
            <message>
              <![CDATA[Unable to locate frame: GB_frame1
Command duration or timeout: 30.38 seconds
Build info: version: '2.41.0', revision: '3192d8a', time: '2014-03-27 17:17:32'
System info: host: 'times-09bb94003', ip: '10.150.224.125', os.name: 'Windows XP', os.arch: 'x86', os.version: '5.1', java.version: '1.6.0_45'
Session ID: 052f3132-f1e0-48f2-a9da-4686711ee887
Driver info: org.openqa.selenium.firefox.FirefoxDriver
Capabilities [{platform=XP, acceptSslCerts=true, javascriptEnabled=true, browserName=firefox, rotatable=false, locationContextEnabled=true, version=29.0, cssSelectorsEnabled=true, databaseEnabled=true, handlesAlerts=true, browserConnectionEnabled=true, nativeEvents=false, webStorageEnabled=true, applicationCacheEnabled=true, takesScreenshot=true}]]]>
            </message>
            <full-stacktrace>
              <![CDATA[org.openqa.selenium.NoSuchFrameException: Unable to locate frame: GB_frame1
Command duration or timeout: 30.38 seconds
Build info: version: '2.41.0', revision: '3192d8a', time: '2014-03-27 17:17:32'
System info: host: 'times-09bb94003', ip: '10.150.224.125', os.name: 'Windows XP', os.arch: 'x86', os.version: '5.1', java.version: '1.6.0_45'
Session ID: 052f3132-f1e0-48f2-a9da-4686711ee887
Driver info: org.openqa.selenium.firefox.FirefoxDriver
Capabilities [{platform=XP, acceptSslCerts=true, javascriptEnabled=true, browserName=firefox, rotatable=false, locationContextEnabled=true, version=29.0, cssSelectorsEnabled=true, databaseEnabled=true, handlesAlerts=true, browserConnectionEnabled=true, nativeEvents=false, webStorageEnabled=true, applicationCacheEnabled=true, takesScreenshot=true}]
	at sun.reflect.NativeConstructorAccessorImpl.newInstance0(Native Method)
	at sun.reflect.NativeConstructorAccessorImpl.newInstance(NativeConstructorAccessorImpl.java:39)
	at sun.reflect.DelegatingConstructorAccessorImpl.newInstance(DelegatingConstructorAccessorImpl.java:27)
	at java.lang.reflect.Constructor.newInstance(Constructor.java:513)
	at org.openqa.selenium.remote.ErrorHandler.createThrowable(ErrorHandler.java:193)
	at org.openqa.selenium.remote.ErrorHandler.throwIfResponseFailed(ErrorHandler.java:145)
	at org.openqa.selenium.remote.RemoteWebDriver.execute(RemoteWebDriver.java:595)
	at org.openqa.selenium.remote.RemoteWebDriver$RemoteTargetLocator.frame(RemoteWebDriver.java:862)
	at candidateSideAutomation.candidateRegistration.linkedinRegistration(Unknown Source)
	at sun.reflect.NativeMethodAccessorImpl.invoke0(Native Method)
	at sun.reflect.NativeMethodAccessorImpl.invoke(NativeMethodAccessorImpl.java:39)
	at sun.reflect.DelegatingMethodAccessorImpl.invoke(DelegatingMethodAccessorImpl.java:25)
	at java.lang.reflect.Method.invoke(Method.java:597)
	at org.testng.internal.MethodInvocationHelper.invokeMethod(MethodInvocationHelper.java:84)
	at org.testng.internal.Invoker.invokeMethod(Invoker.java:714)
	at org.testng.internal.Invoker.invokeTestMethod(Invoker.java:901)
	at org.testng.internal.Invoker.invokeTestMethods(Invoker.java:1231)
	at org.testng.internal.TestMethodWorker.invokeTestMethods(TestMethodWorker.java:127)
	at org.testng.internal.TestMethodWorker.run(TestMethodWorker.java:111)
	at org.testng.TestRunner.privateRun(TestRunner.java:767)
	at org.testng.TestRunner.run(TestRunner.java:617)
	at org.testng.SuiteRunner.runTest(SuiteRunner.java:334)
	at org.testng.SuiteRunner.runSequentially(SuiteRunner.java:329)
	at org.testng.SuiteRunner.privateRun(SuiteRunner.java:291)
	at org.testng.SuiteRunner.run(SuiteRunner.java:240)
	at org.testng.SuiteRunnerWorker.runSuite(SuiteRunnerWorker.java:52)
	at org.testng.SuiteRunnerWorker.run(SuiteRunnerWorker.java:86)
	at org.testng.TestNG.runSuitesSequentially(TestNG.java:1224)
	at org.testng.TestNG.runSuitesSequentially(TestNG.java:1220)
	at org.testng.TestNG.runSuitesLocally(TestNG.java:1149)
	at org.testng.TestNG.run(TestNG.java:1057)
	at org.testng.TestNG.privateMain(TestNG.java:1364)
	at org.testng.TestNG.main(TestNG.java:1333)
Caused by: org.openqa.selenium.remote.ErrorHandler$UnknownServerException: Unable to locate frame: GB_frame1
Build info: version: '2.41.0', revision: '3192d8a', time: '2014-03-27 17:17:32'
System info: host: 'times-09bb94003', ip: '10.150.224.125', os.name: 'Windows XP', os.arch: 'x86', os.version: '5.1', java.version: '1.6.0_45'
Driver info: driver.version: unknown
	at <anonymous class>.FirefoxDriver.prototype.switchToFrame(file:///E:/DOCUME~1/Charu/LOCALS~1/Temp/anonymous1250199697637318453webdriver-profile/extensions/fxdriver@googlecode.com/components/driver_component.js:8974)
	at <anonymous class>.DelayedCommand.prototype.executeInternal_/h(file:///E:/DOCUME~1/Charu/LOCALS~1/Temp/anonymous1250199697637318453webdriver-profile/extensions/fxdriver@googlecode.com/components/command_processor.js:10884)
	at <anonymous class>.fxdriver.Timer.prototype.setTimeout/<.notify(file:///E:/DOCUME~1/Charu/LOCALS~1/Temp/anonymous1250199697637318453webdriver-profile/extensions/fxdriver@googlecode.com/components/command_processor.js:396)
]]>
            </full-stacktrace>
          </exception> <!-- org.openqa.selenium.NoSuchFrameException -->
          <reporter-output>
          </reporter-output>
        </test-method> <!-- linkedinRegistration -->
        <test-method status="PASS" signature="teardon()[pri:0, instance:candidateSideAutomation.candidateRegistration@120a47e]" name="teardon" is-config="true" duration-ms="281" started-at="2014-05-26T12:04:46Z" finished-at="2014-05-26T12:04:46Z">
          <reporter-output>
          </reporter-output>
        </test-method> <!-- teardon -->
        <test-method status="PASS" signature="setup()[pri:0, instance:candidateSideAutomation.candidateRegistration@120a47e]" name="setup" is-config="true" duration-ms="5469" started-at="2014-05-26T12:04:46Z" finished-at="2014-05-26T12:04:51Z">
          <reporter-output>
          </reporter-output>
        </test-method> <!-- setup -->
        <test-method status="PASS" signature="registraionCompleteStage()[pri:0, instance:candidateSideAutomation.candidateRegistration@120a47e]" name="registraionCompleteStage" duration-ms="35360" started-at="2014-05-26T12:04:51Z" finished-at="2014-05-26T12:05:27Z">
          <reporter-output>
          </reporter-output>
        </test-method> <!-- registraionCompleteStage -->
        <test-method status="PASS" signature="teardon()[pri:0, instance:candidateSideAutomation.candidateRegistration@120a47e]" name="teardon" is-config="true" duration-ms="296" started-at="2014-05-26T12:05:27Z" finished-at="2014-05-26T12:05:27Z">
          <reporter-output>
          </reporter-output>
        </test-method> <!-- teardon -->
        <test-method status="PASS" signature="setup()[pri:0, instance:candidateSideAutomation.candidateRegistration@120a47e]" name="setup" is-config="true" duration-ms="5719" started-at="2014-05-26T12:05:27Z" finished-at="2014-05-26T12:05:33Z">
          <reporter-output>
          </reporter-output>
        </test-method> <!-- setup -->
        <test-method status="PASS" signature="registraionFirstStage()[pri:0, instance:candidateSideAutomation.candidateRegistration@120a47e]" name="registraionFirstStage" duration-ms="17563" started-at="2014-05-26T12:05:33Z" finished-at="2014-05-26T12:05:50Z">
          <reporter-output>
          </reporter-output>
        </test-method> <!-- registraionFirstStage -->
        <test-method status="PASS" signature="teardon()[pri:0, instance:candidateSideAutomation.candidateRegistration@120a47e]" name="teardon" is-config="true" duration-ms="281" started-at="2014-05-26T12:05:50Z" finished-at="2014-05-26T12:05:50Z">
          <reporter-output>
          </reporter-output>
        </test-method> <!-- teardon -->
      </class> <!-- candidateSideAutomation.candidateRegistration -->
    </test> <!-- Registration -->
    <test name="linktest" duration-ms="73438" started-at="2014-05-26T06:35:51Z" finished-at="2014-05-26T06:37:04Z">
      <class name="candidateSideAutomation.linkTraversal">
        <test-method status="PASS" signature="setup()[pri:0, instance:candidateSideAutomation.linkTraversal@171bbc9]" name="setup" is-config="true" duration-ms="5219" started-at="2014-05-26T12:05:51Z" finished-at="2014-05-26T12:05:56Z">
          <reporter-output>
          </reporter-output>
        </test-method> <!-- setup -->
        <test-method status="PASS" signature="login()[pri:0, instance:candidateSideAutomation.linkTraversal@171bbc9]" name="login" duration-ms="9594" started-at="2014-05-26T12:05:56Z" finished-at="2014-05-26T12:06:05Z">
          <reporter-output>
          </reporter-output>
        </test-method> <!-- login -->
        <test-method status="FAIL" signature="pageVal()[pri:0, instance:candidateSideAutomation.linkTraversal@171bbc9]" name="pageVal" duration-ms="25031" started-at="2014-05-26T12:06:05Z" finished-at="2014-05-26T12:06:30Z">
          <exception class="org.openqa.selenium.NoSuchElementException">
            <message>
              <![CDATA[Unable to locate element: {"method":"xpath","selector":"//div[@class='rec-jobs']/header/div/h1"}
Command duration or timeout: 25.03 seconds
For documentation on this error, please visit: http://seleniumhq.org/exceptions/no_such_element.html
Build info: version: '2.41.0', revision: '3192d8a', time: '2014-03-27 17:17:32'
System info: host: 'times-09bb94003', ip: '10.150.224.125', os.name: 'Windows XP', os.arch: 'x86', os.version: '5.1', java.version: '1.6.0_45'
Session ID: b4d14582-65e9-49e8-9e6c-79e305cf5d4f
Driver info: org.openqa.selenium.firefox.FirefoxDriver
Capabilities [{platform=XP, acceptSslCerts=true, javascriptEnabled=true, browserName=firefox, rotatable=false, locationContextEnabled=true, version=29.0, cssSelectorsEnabled=true, databaseEnabled=true, handlesAlerts=true, browserConnectionEnabled=true, nativeEvents=false, webStorageEnabled=true, applicationCacheEnabled=true, takesScreenshot=true}]]]>
            </message>
            <full-stacktrace>
              <![CDATA[org.openqa.selenium.NoSuchElementException: Unable to locate element: {"method":"xpath","selector":"//div[@class='rec-jobs']/header/div/h1"}
Command duration or timeout: 25.03 seconds
For documentation on this error, please visit: http://seleniumhq.org/exceptions/no_such_element.html
Build info: version: '2.41.0', revision: '3192d8a', time: '2014-03-27 17:17:32'
System info: host: 'times-09bb94003', ip: '10.150.224.125', os.name: 'Windows XP', os.arch: 'x86', os.version: '5.1', java.version: '1.6.0_45'
Session ID: b4d14582-65e9-49e8-9e6c-79e305cf5d4f
Driver info: org.openqa.selenium.firefox.FirefoxDriver
Capabilities [{platform=XP, acceptSslCerts=true, javascriptEnabled=true, browserName=firefox, rotatable=false, locationContextEnabled=true, version=29.0, cssSelectorsEnabled=true, databaseEnabled=true, handlesAlerts=true, browserConnectionEnabled=true, nativeEvents=false, webStorageEnabled=true, applicationCacheEnabled=true, takesScreenshot=true}]
	at sun.reflect.NativeConstructorAccessorImpl.newInstance0(Native Method)
	at sun.reflect.NativeConstructorAccessorImpl.newInstance(NativeConstructorAccessorImpl.java:39)
	at sun.reflect.DelegatingConstructorAccessorImpl.newInstance(DelegatingConstructorAccessorImpl.java:27)
	at java.lang.reflect.Constructor.newInstance(Constructor.java:513)
	at org.openqa.selenium.remote.ErrorHandler.createThrowable(ErrorHandler.java:193)
	at org.openqa.selenium.remote.ErrorHandler.throwIfResponseFailed(ErrorHandler.java:145)
	at org.openqa.selenium.remote.RemoteWebDriver.execute(RemoteWebDriver.java:595)
	at org.openqa.selenium.remote.RemoteWebDriver.findElement(RemoteWebDriver.java:348)
	at org.openqa.selenium.remote.RemoteWebDriver.findElementByXPath(RemoteWebDriver.java:445)
	at org.openqa.selenium.By$ByXPath.findElement(By.java:357)
	at org.openqa.selenium.remote.RemoteWebDriver.findElement(RemoteWebDriver.java:340)
	at candidateSideAutomation.linkTraversal.pageVal(Unknown Source)
	at sun.reflect.NativeMethodAccessorImpl.invoke0(Native Method)
	at sun.reflect.NativeMethodAccessorImpl.invoke(NativeMethodAccessorImpl.java:39)
	at sun.reflect.DelegatingMethodAccessorImpl.invoke(DelegatingMethodAccessorImpl.java:25)
	at java.lang.reflect.Method.invoke(Method.java:597)
	at org.testng.internal.MethodInvocationHelper.invokeMethod(MethodInvocationHelper.java:84)
	at org.testng.internal.Invoker.invokeMethod(Invoker.java:714)
	at org.testng.internal.Invoker.invokeTestMethod(Invoker.java:901)
	at org.testng.internal.Invoker.invokeTestMethods(Invoker.java:1231)
	at org.testng.internal.TestMethodWorker.invokeTestMethods(TestMethodWorker.java:127)
	at org.testng.internal.TestMethodWorker.run(TestMethodWorker.java:111)
	at org.testng.TestRunner.privateRun(TestRunner.java:767)
	at org.testng.TestRunner.run(TestRunner.java:617)
	at org.testng.SuiteRunner.runTest(SuiteRunner.java:334)
	at org.testng.SuiteRunner.runSequentially(SuiteRunner.java:329)
	at org.testng.SuiteRunner.privateRun(SuiteRunner.java:291)
	at org.testng.SuiteRunner.run(SuiteRunner.java:240)
	at org.testng.SuiteRunnerWorker.runSuite(SuiteRunnerWorker.java:52)
	at org.testng.SuiteRunnerWorker.run(SuiteRunnerWorker.java:86)
	at org.testng.TestNG.runSuitesSequentially(TestNG.java:1224)
	at org.testng.TestNG.runSuitesSequentially(TestNG.java:1220)
	at org.testng.TestNG.runSuitesLocally(TestNG.java:1149)
	at org.testng.TestNG.run(TestNG.java:1057)
	at org.testng.TestNG.privateMain(TestNG.java:1364)
	at org.testng.TestNG.main(TestNG.java:1333)
Caused by: org.openqa.selenium.remote.ErrorHandler$UnknownServerException: Unable to locate element: {"method":"xpath","selector":"//div[@class='rec-jobs']/header/div/h1"}
Build info: version: '2.41.0', revision: '3192d8a', time: '2014-03-27 17:17:32'
System info: host: 'times-09bb94003', ip: '10.150.224.125', os.name: 'Windows XP', os.arch: 'x86', os.version: '5.1', java.version: '1.6.0_45'
Driver info: driver.version: unknown
	at <anonymous class>.FirefoxDriver.prototype.findElementInternal_(file:///E:/DOCUME~1/Charu/LOCALS~1/Temp/anonymous5955219541778582977webdriver-profile/extensions/fxdriver@googlecode.com/components/driver_component.js:8905)
	at <anonymous class>.fxdriver.Timer.prototype.setTimeout/<.notify(file:///E:/DOCUME~1/Charu/LOCALS~1/Temp/anonymous5955219541778582977webdriver-profile/extensions/fxdriver@googlecode.com/components/driver_component.js:396)
]]>
            </full-stacktrace>
          </exception> <!-- org.openqa.selenium.NoSuchElementException -->
          <reporter-output>
          </reporter-output>
        </test-method> <!-- pageVal -->
        <test-method status="PASS" signature="privateSettings()[pri:0, instance:candidateSideAutomation.linkTraversal@171bbc9]" name="privateSettings" duration-ms="3937" started-at="2014-05-26T12:06:30Z" finished-at="2014-05-26T12:06:34Z">
          <reporter-output>
          </reporter-output>
        </test-method> <!-- privateSettings -->
        <test-method status="PASS" signature="editProfile()[pri:0, instance:candidateSideAutomation.linkTraversal@171bbc9]" name="editProfile" duration-ms="2313" started-at="2014-05-26T12:06:34Z" finished-at="2014-05-26T12:06:37Z">
          <reporter-output>
          </reporter-output>
        </test-method> <!-- editProfile -->
        <test-method status="PASS" signature="signOut()[pri:0, instance:candidateSideAutomation.linkTraversal@171bbc9]" name="signOut" duration-ms="6797" started-at="2014-05-26T12:06:37Z" finished-at="2014-05-26T12:06:43Z">
          <reporter-output>
          </reporter-output>
        </test-method> <!-- signOut -->
        <test-method status="FAIL" signature="editDetails()[pri:0, instance:candidateSideAutomation.linkTraversal@171bbc9]" name="editDetails" duration-ms="10125" started-at="2014-05-26T12:06:43Z" finished-at="2014-05-26T12:06:54Z">
          <exception class="org.openqa.selenium.NoSuchElementException">
            <message>
              <![CDATA[Unable to locate element: {"method":"xpath","selector":"//div[@id='userProfilPicsId']/a"}
Command duration or timeout: 10.08 seconds
For documentation on this error, please visit: http://seleniumhq.org/exceptions/no_such_element.html
Build info: version: '2.41.0', revision: '3192d8a', time: '2014-03-27 17:17:32'
System info: host: 'times-09bb94003', ip: '10.150.224.125', os.name: 'Windows XP', os.arch: 'x86', os.version: '5.1', java.version: '1.6.0_45'
Session ID: b4d14582-65e9-49e8-9e6c-79e305cf5d4f
Driver info: org.openqa.selenium.firefox.FirefoxDriver
Capabilities [{platform=XP, acceptSslCerts=true, javascriptEnabled=true, browserName=firefox, rotatable=false, locationContextEnabled=true, version=29.0, cssSelectorsEnabled=true, databaseEnabled=true, handlesAlerts=true, browserConnectionEnabled=true, nativeEvents=false, webStorageEnabled=true, applicationCacheEnabled=true, takesScreenshot=true}]]]>
            </message>
            <full-stacktrace>
              <![CDATA[org.openqa.selenium.NoSuchElementException: Unable to locate element: {"method":"xpath","selector":"//div[@id='userProfilPicsId']/a"}
Command duration or timeout: 10.08 seconds
For documentation on this error, please visit: http://seleniumhq.org/exceptions/no_such_element.html
Build info: version: '2.41.0', revision: '3192d8a', time: '2014-03-27 17:17:32'
System info: host: 'times-09bb94003', ip: '10.150.224.125', os.name: 'Windows XP', os.arch: 'x86', os.version: '5.1', java.version: '1.6.0_45'
Session ID: b4d14582-65e9-49e8-9e6c-79e305cf5d4f
Driver info: org.openqa.selenium.firefox.FirefoxDriver
Capabilities [{platform=XP, acceptSslCerts=true, javascriptEnabled=true, browserName=firefox, rotatable=false, locationContextEnabled=true, version=29.0, cssSelectorsEnabled=true, databaseEnabled=true, handlesAlerts=true, browserConnectionEnabled=true, nativeEvents=false, webStorageEnabled=true, applicationCacheEnabled=true, takesScreenshot=true}]
	at sun.reflect.NativeConstructorAccessorImpl.newInstance0(Native Method)
	at sun.reflect.NativeConstructorAccessorImpl.newInstance(NativeConstructorAccessorImpl.java:39)
	at sun.reflect.DelegatingConstructorAccessorImpl.newInstance(DelegatingConstructorAccessorImpl.java:27)
	at java.lang.reflect.Constructor.newInstance(Constructor.java:513)
	at org.openqa.selenium.remote.ErrorHandler.createThrowable(ErrorHandler.java:193)
	at org.openqa.selenium.remote.ErrorHandler.throwIfResponseFailed(ErrorHandler.java:145)
	at org.openqa.selenium.remote.RemoteWebDriver.execute(RemoteWebDriver.java:595)
	at org.openqa.selenium.remote.RemoteWebDriver.findElement(RemoteWebDriver.java:348)
	at org.openqa.selenium.remote.RemoteWebDriver.findElementByXPath(RemoteWebDriver.java:445)
	at org.openqa.selenium.By$ByXPath.findElement(By.java:357)
	at org.openqa.selenium.remote.RemoteWebDriver.findElement(RemoteWebDriver.java:340)
	at candidateSideAutomation.linkTraversal.editDetails(Unknown Source)
	at sun.reflect.NativeMethodAccessorImpl.invoke0(Native Method)
	at sun.reflect.NativeMethodAccessorImpl.invoke(NativeMethodAccessorImpl.java:39)
	at sun.reflect.DelegatingMethodAccessorImpl.invoke(DelegatingMethodAccessorImpl.java:25)
	at java.lang.reflect.Method.invoke(Method.java:597)
	at org.testng.internal.MethodInvocationHelper.invokeMethod(MethodInvocationHelper.java:84)
	at org.testng.internal.Invoker.invokeMethod(Invoker.java:714)
	at org.testng.internal.Invoker.invokeTestMethod(Invoker.java:901)
	at org.testng.internal.Invoker.invokeTestMethods(Invoker.java:1231)
	at org.testng.internal.TestMethodWorker.invokeTestMethods(TestMethodWorker.java:127)
	at org.testng.internal.TestMethodWorker.run(TestMethodWorker.java:111)
	at org.testng.TestRunner.privateRun(TestRunner.java:767)
	at org.testng.TestRunner.run(TestRunner.java:617)
	at org.testng.SuiteRunner.runTest(SuiteRunner.java:334)
	at org.testng.SuiteRunner.runSequentially(SuiteRunner.java:329)
	at org.testng.SuiteRunner.privateRun(SuiteRunner.java:291)
	at org.testng.SuiteRunner.run(SuiteRunner.java:240)
	at org.testng.SuiteRunnerWorker.runSuite(SuiteRunnerWorker.java:52)
	at org.testng.SuiteRunnerWorker.run(SuiteRunnerWorker.java:86)
	at org.testng.TestNG.runSuitesSequentially(TestNG.java:1224)
	at org.testng.TestNG.runSuitesSequentially(TestNG.java:1220)
	at org.testng.TestNG.runSuitesLocally(TestNG.java:1149)
	at org.testng.TestNG.run(TestNG.java:1057)
	at org.testng.TestNG.privateMain(TestNG.java:1364)
	at org.testng.TestNG.main(TestNG.java:1333)
Caused by: org.openqa.selenium.remote.ErrorHandler$UnknownServerException: Unable to locate element: {"method":"xpath","selector":"//div[@id='userProfilPicsId']/a"}
Build info: version: '2.41.0', revision: '3192d8a', time: '2014-03-27 17:17:32'
System info: host: 'times-09bb94003', ip: '10.150.224.125', os.name: 'Windows XP', os.arch: 'x86', os.version: '5.1', java.version: '1.6.0_45'
Driver info: driver.version: unknown
	at <anonymous class>.FirefoxDriver.prototype.findElementInternal_(file:///E:/DOCUME~1/Charu/LOCALS~1/Temp/anonymous5955219541778582977webdriver-profile/extensions/fxdriver@googlecode.com/components/driver_component.js:8905)
	at <anonymous class>.fxdriver.Timer.prototype.setTimeout/<.notify(file:///E:/DOCUME~1/Charu/LOCALS~1/Temp/anonymous5955219541778582977webdriver-profile/extensions/fxdriver@googlecode.com/components/driver_component.js:396)
]]>
            </full-stacktrace>
          </exception> <!-- org.openqa.selenium.NoSuchElementException -->
          <reporter-output>
          </reporter-output>
        </test-method> <!-- editDetails -->
        <test-method status="FAIL" signature="ediKeySkills()[pri:0, instance:candidateSideAutomation.linkTraversal@171bbc9]" name="ediKeySkills" duration-ms="10062" started-at="2014-05-26T12:06:54Z" finished-at="2014-05-26T12:07:04Z">
          <exception class="org.openqa.selenium.NoSuchElementException">
            <message>
              <![CDATA[Unable to locate element: {"method":"xpath","selector":"//div[@id='userProfilPicsId']/a"}
Command duration or timeout: 10.06 seconds
For documentation on this error, please visit: http://seleniumhq.org/exceptions/no_such_element.html
Build info: version: '2.41.0', revision: '3192d8a', time: '2014-03-27 17:17:32'
System info: host: 'times-09bb94003', ip: '10.150.224.125', os.name: 'Windows XP', os.arch: 'x86', os.version: '5.1', java.version: '1.6.0_45'
Session ID: b4d14582-65e9-49e8-9e6c-79e305cf5d4f
Driver info: org.openqa.selenium.firefox.FirefoxDriver
Capabilities [{platform=XP, acceptSslCerts=true, javascriptEnabled=true, browserName=firefox, rotatable=false, locationContextEnabled=true, version=29.0, cssSelectorsEnabled=true, databaseEnabled=true, handlesAlerts=true, browserConnectionEnabled=true, nativeEvents=false, webStorageEnabled=true, applicationCacheEnabled=true, takesScreenshot=true}]]]>
            </message>
            <full-stacktrace>
              <![CDATA[org.openqa.selenium.NoSuchElementException: Unable to locate element: {"method":"xpath","selector":"//div[@id='userProfilPicsId']/a"}
Command duration or timeout: 10.06 seconds
For documentation on this error, please visit: http://seleniumhq.org/exceptions/no_such_element.html
Build info: version: '2.41.0', revision: '3192d8a', time: '2014-03-27 17:17:32'
System info: host: 'times-09bb94003', ip: '10.150.224.125', os.name: 'Windows XP', os.arch: 'x86', os.version: '5.1', java.version: '1.6.0_45'
Session ID: b4d14582-65e9-49e8-9e6c-79e305cf5d4f
Driver info: org.openqa.selenium.firefox.FirefoxDriver
Capabilities [{platform=XP, acceptSslCerts=true, javascriptEnabled=true, browserName=firefox, rotatable=false, locationContextEnabled=true, version=29.0, cssSelectorsEnabled=true, databaseEnabled=true, handlesAlerts=true, browserConnectionEnabled=true, nativeEvents=false, webStorageEnabled=true, applicationCacheEnabled=true, takesScreenshot=true}]
	at sun.reflect.NativeConstructorAccessorImpl.newInstance0(Native Method)
	at sun.reflect.NativeConstructorAccessorImpl.newInstance(NativeConstructorAccessorImpl.java:39)
	at sun.reflect.DelegatingConstructorAccessorImpl.newInstance(DelegatingConstructorAccessorImpl.java:27)
	at java.lang.reflect.Constructor.newInstance(Constructor.java:513)
	at org.openqa.selenium.remote.ErrorHandler.createThrowable(ErrorHandler.java:193)
	at org.openqa.selenium.remote.ErrorHandler.throwIfResponseFailed(ErrorHandler.java:145)
	at org.openqa.selenium.remote.RemoteWebDriver.execute(RemoteWebDriver.java:595)
	at org.openqa.selenium.remote.RemoteWebDriver.findElement(RemoteWebDriver.java:348)
	at org.openqa.selenium.remote.RemoteWebDriver.findElementByXPath(RemoteWebDriver.java:445)
	at org.openqa.selenium.By$ByXPath.findElement(By.java:357)
	at org.openqa.selenium.remote.RemoteWebDriver.findElement(RemoteWebDriver.java:340)
	at candidateSideAutomation.linkTraversal.ediKeySkills(Unknown Source)
	at sun.reflect.NativeMethodAccessorImpl.invoke0(Native Method)
	at sun.reflect.NativeMethodAccessorImpl.invoke(NativeMethodAccessorImpl.java:39)
	at sun.reflect.DelegatingMethodAccessorImpl.invoke(DelegatingMethodAccessorImpl.java:25)
	at java.lang.reflect.Method.invoke(Method.java:597)
	at org.testng.internal.MethodInvocationHelper.invokeMethod(MethodInvocationHelper.java:84)
	at org.testng.internal.Invoker.invokeMethod(Invoker.java:714)
	at org.testng.internal.Invoker.invokeTestMethod(Invoker.java:901)
	at org.testng.internal.Invoker.invokeTestMethods(Invoker.java:1231)
	at org.testng.internal.TestMethodWorker.invokeTestMethods(TestMethodWorker.java:127)
	at org.testng.internal.TestMethodWorker.run(TestMethodWorker.java:111)
	at org.testng.TestRunner.privateRun(TestRunner.java:767)
	at org.testng.TestRunner.run(TestRunner.java:617)
	at org.testng.SuiteRunner.runTest(SuiteRunner.java:334)
	at org.testng.SuiteRunner.runSequentially(SuiteRunner.java:329)
	at org.testng.SuiteRunner.privateRun(SuiteRunner.java:291)
	at org.testng.SuiteRunner.run(SuiteRunner.java:240)
	at org.testng.SuiteRunnerWorker.runSuite(SuiteRunnerWorker.java:52)
	at org.testng.SuiteRunnerWorker.run(SuiteRunnerWorker.java:86)
	at org.testng.TestNG.runSuitesSequentially(TestNG.java:1224)
	at org.testng.TestNG.runSuitesSequentially(TestNG.java:1220)
	at org.testng.TestNG.runSuitesLocally(TestNG.java:1149)
	at org.testng.TestNG.run(TestNG.java:1057)
	at org.testng.TestNG.privateMain(TestNG.java:1364)
	at org.testng.TestNG.main(TestNG.java:1333)
Caused by: org.openqa.selenium.remote.ErrorHandler$UnknownServerException: Unable to locate element: {"method":"xpath","selector":"//div[@id='userProfilPicsId']/a"}
Build info: version: '2.41.0', revision: '3192d8a', time: '2014-03-27 17:17:32'
System info: host: 'times-09bb94003', ip: '10.150.224.125', os.name: 'Windows XP', os.arch: 'x86', os.version: '5.1', java.version: '1.6.0_45'
Driver info: driver.version: unknown
	at <anonymous class>.FirefoxDriver.prototype.findElementInternal_(file:///E:/DOCUME~1/Charu/LOCALS~1/Temp/anonymous5955219541778582977webdriver-profile/extensions/fxdriver@googlecode.com/components/driver_component.js:8905)
	at <anonymous class>.fxdriver.Timer.prototype.setTimeout/<.notify(file:///E:/DOCUME~1/Charu/LOCALS~1/Temp/anonymous5955219541778582977webdriver-profile/extensions/fxdriver@googlecode.com/components/driver_component.js:396)
]]>
            </full-stacktrace>
          </exception> <!-- org.openqa.selenium.NoSuchElementException -->
          <reporter-output>
          </reporter-output>
        </test-method> <!-- ediKeySkills -->
        <test-method status="PASS" signature="teardon()[pri:0, instance:candidateSideAutomation.linkTraversal@171bbc9]" name="teardon" is-config="true" duration-ms="360" started-at="2014-05-26T12:07:04Z" finished-at="2014-05-26T12:07:04Z">
          <reporter-output>
          </reporter-output>
        </test-method> <!-- teardon -->
      </class> <!-- candidateSideAutomation.linkTraversal -->
    </test> <!-- linktest -->
  </suite> <!-- CANDIDATE SIDE TEST CASES -->
</testng-results>
