<?xml version="1.0" encoding="UTF-8"?>
<!-- Generated by org.testng.reporters.JUnitReportReporter -->
<testsuite hostname="TBSL221-P07F" name="hireSideAutomation.EmployerSanityMainTests" tests="1" failures="1" timestamp="26 Jun 2014 08:49:38 GMT" time="155.984" errors="0">
  <testcase name="EmployerMainSanity" time="155.984" classname="hireSideAutomation.EmployerSanityMainTests">
    <failure type="org.openqa.selenium.WebDriverException" message="[JavaScript Error: &quot;a is null&quot; {file: &quot;file:///G:/DOCUME~1/Simmi/LOCALS~1/Temp/anonymous1544521531103515582webdriver-profile/extensions/fxdriver@googlecode.com/components/command_processor.js&quot; line: 8166}]&#039;[JavaScript Error: &quot;a is null&quot; {file: &quot;file:///G:/DOCUME~1/Simmi/LOCALS~1/Temp/anonymous1544521531103515582webdriver-profile/extensions/fxdriver@googlecode.com/components/command_processor.js&quot; line: 8166}]&#039; when calling method: [nsICommandProcessor::execute]
Command duration or timeout: 15 milliseconds
Build info: version: &#039;2.41.0&#039;, revision: &#039;3192d8a&#039;, time: &#039;2014-03-27 17:17:32&#039;
System info: host: &#039;TBSL221-P07F&#039;, ip: &#039;10.150.241.224&#039;, os.name: &#039;Windows XP&#039;, os.arch: &#039;x86&#039;, os.version: &#039;5.1&#039;, java.version: &#039;1.7.0_55&#039;
Session ID: a772cb65-acce-45ea-9b32-8e6a2fea7537
Driver info: org.openqa.selenium.firefox.FirefoxDriver
Capabilities [{platform=XP, acceptSslCerts=true, javascriptEnabled=true, cssSelectorsEnabled=true, databaseEnabled=true, browserName=firefox, handlesAlerts=true, browserConnectionEnabled=true, webStorageEnabled=true, nativeEvents=false, rotatable=false, locationContextEnabled=true, applicationCacheEnabled=true, takesScreenshot=true, version=29.0.1}]">
      <![CDATA[org.openqa.selenium.WebDriverException: [JavaScript Error: "a is null" {file: "file:///G:/DOCUME~1/Simmi/LOCALS~1/Temp/anonymous1544521531103515582webdriver-profile/extensions/fxdriver@googlecode.com/components/command_processor.js" line: 8166}]'[JavaScript Error: "a is null" {file: "file:///G:/DOCUME~1/Simmi/LOCALS~1/Temp/anonymous1544521531103515582webdriver-profile/extensions/fxdriver@googlecode.com/components/command_processor.js" line: 8166}]' when calling method: [nsICommandProcessor::execute]
Command duration or timeout: 15 milliseconds
Build info: version: '2.41.0', revision: '3192d8a', time: '2014-03-27 17:17:32'
System info: host: 'TBSL221-P07F', ip: '10.150.241.224', os.name: 'Windows XP', os.arch: 'x86', os.version: '5.1', java.version: '1.7.0_55'
Session ID: a772cb65-acce-45ea-9b32-8e6a2fea7537
Driver info: org.openqa.selenium.firefox.FirefoxDriver
Capabilities [{platform=XP, acceptSslCerts=true, javascriptEnabled=true, cssSelectorsEnabled=true, databaseEnabled=true, browserName=firefox, handlesAlerts=true, browserConnectionEnabled=true, webStorageEnabled=true, nativeEvents=false, rotatable=false, locationContextEnabled=true, applicationCacheEnabled=true, takesScreenshot=true, version=29.0.1}]
	at sun.reflect.NativeConstructorAccessorImpl.newInstance0(Native Method)
	at sun.reflect.NativeConstructorAccessorImpl.newInstance(Unknown Source)
	at sun.reflect.DelegatingConstructorAccessorImpl.newInstance(Unknown Source)
	at java.lang.reflect.Constructor.newInstance(Unknown Source)
	at org.openqa.selenium.remote.ErrorHandler.createThrowable(ErrorHandler.java:193)
	at org.openqa.selenium.remote.ErrorHandler.throwIfResponseFailed(ErrorHandler.java:145)
	at org.openqa.selenium.remote.RemoteWebDriver.execute(RemoteWebDriver.java:595)
	at org.openqa.selenium.remote.RemoteWebDriver.findElement(RemoteWebDriver.java:348)
	at org.openqa.selenium.remote.RemoteWebDriver.findElementByName(RemoteWebDriver.java:421)
	at org.openqa.selenium.By$ByName.findElement(By.java:299)
	at org.openqa.selenium.remote.RemoteWebDriver.findElement(RemoteWebDriver.java:340)
	at hireSideAutomation.hireJobPosting.JobPost(hireJobPosting.java:214)
	at hireSideAutomation.EmployerSanityMainTests.EmployerMainSanity(EmployerSanityMainTests.java:113)
	at sun.reflect.NativeMethodAccessorImpl.invoke0(Native Method)
	at sun.reflect.NativeMethodAccessorImpl.invoke(Unknown Source)
	at sun.reflect.DelegatingMethodAccessorImpl.invoke(Unknown Source)
	at java.lang.reflect.Method.invoke(Unknown Source)
	at org.testng.internal.MethodInvocationHelper.invokeMethod(MethodInvocationHelper.java:84)
	at org.testng.internal.Invoker.invokeMethod(Invoker.java:714)
	at org.testng.internal.Invoker.invokeTestMethod(Invoker.java:901)
	at org.testng.internal.Invoker.invokeTestMethods(Invoker.java:1231)
	at org.testng.internal.TestMethodWorker.invokeTestMethods(TestMethodWorker.java:127)
	at org.testng.internal.TestMethodWorker.run(TestMethodWorker.java:111)
	at org.testng.TestRunner.privateRun(TestRunner.java:767)
	at org.testng.TestRunner.run(TestRunner.java:617)
	at org.testng.SuiteRunner.runTest(SuiteRunner.java:334)
	at org.testng.SuiteRunner.runSequentially(SuiteRunner.java:329)
	at org.testng.SuiteRunner.privateRun(SuiteRunner.java:291)
	at org.testng.SuiteRunner.run(SuiteRunner.java:240)
	at org.testng.SuiteRunnerWorker.runSuite(SuiteRunnerWorker.java:52)
	at org.testng.SuiteRunnerWorker.run(SuiteRunnerWorker.java:86)
	at org.testng.TestNG.runSuitesSequentially(TestNG.java:1224)
	at org.testng.TestNG.runSuitesLocally(TestNG.java:1149)
	at org.testng.TestNG.run(TestNG.java:1057)
	at org.testng.remote.RemoteTestNG.run(RemoteTestNG.java:111)
	at org.testng.remote.RemoteTestNG.initAndRun(RemoteTestNG.java:204)
	at org.testng.remote.RemoteTestNG.main(RemoteTestNG.java:175)
Caused by: org.openqa.selenium.remote.ErrorHandler$UnknownServerException: [JavaScript Error: "a is null" {file: "file:///G:/DOCUME~1/Simmi/LOCALS~1/Temp/anonymous1544521531103515582webdriver-profile/extensions/fxdriver@googlecode.com/components/command_processor.js" line: 8166}]'[JavaScript Error: "a is null" {file: "file:///G:/DOCUME~1/Simmi/LOCALS~1/Temp/anonymous1544521531103515582webdriver-profile/extensions/fxdriver@googlecode.com/components/command_processor.js" line: 8166}]' when calling method: [nsICommandProcessor::execute]
Build info: version: '2.41.0', revision: '3192d8a', time: '2014-03-27 17:17:32'
System info: host: 'TBSL221-P07F', ip: '10.150.241.224', os.name: 'Windows XP', os.arch: 'x86', os.version: '5.1', java.version: '1.7.0_55'
Driver info: driver.version: unknown
]]>
    </failure>
  </testcase> <!-- EmployerMainSanity -->
</testsuite> <!-- hireSideAutomation.EmployerSanityMainTests -->
